

================================================================
== Vivado HLS Report for 'fibonacci'
================================================================
* Date:           Mon Jan 15 14:07:15 2024

* Version:        2019.2 (Build 2704478 on Wed Nov 06 22:10:23 MST 2019)
* Project:        Fibo
* Solution:       solution1
* Product family: zynq
* Target device:  xc7z020-clg484-1


================================================================
== Performance Estimates
================================================================
+ Timing: 
    * Summary: 
    +--------+----------+----------+------------+
    |  Clock |  Target  | Estimated| Uncertainty|
    +--------+----------+----------+------------+
    |ap_clk  | 10.00 ns | 5.242 ns |   1.25 ns  |
    +--------+----------+----------+------------+

+ Latency: 
    * Summary: 
    +---------+---------+----------+----------+-----+-----+---------+
    |  Latency (cycles) |  Latency (absolute) |  Interval | Pipeline|
    |   min   |   max   |    min   |    max   | min | max |   Type  |
    +---------+---------+----------+----------+-----+-----+---------+
    |        ?|        ?|         ?|         ?|    ?|    ?|   none  |
    +---------+---------+----------+----------+-----+-----+---------+

    + Detail: 
        * Instance: 
        N/A

        * Loop: 
        +----------+---------+---------+----------+-----------+-----------+------+----------+
        |          |  Latency (cycles) | Iteration|  Initiation Interval  | Trip |          |
        | Loop Name|   min   |   max   |  Latency |  achieved |   target  | Count| Pipelined|
        +----------+---------+---------+----------+-----------+-----------+------+----------+
        |- Loop 1  |        ?|        ?|         1|          -|          -|     ?|    no    |
        +----------+---------+---------+----------+-----------+-----------+------+----------+



================================================================
== Utilization Estimates
================================================================
* Summary: 
+-----------------+---------+-------+--------+-------+-----+
|       Name      | BRAM_18K| DSP48E|   FF   |  LUT  | URAM|
+-----------------+---------+-------+--------+-------+-----+
|DSP              |        -|      -|       -|      -|    -|
|Expression       |        -|      -|       0|    114|    -|
|FIFO             |        -|      -|       -|      -|    -|
|Instance         |        0|      -|     106|    168|    -|
|Memory           |        -|      -|       -|      -|    -|
|Multiplexer      |        -|      -|       -|     69|    -|
|Register         |        -|      -|     195|      -|    -|
+-----------------+---------+-------+--------+-------+-----+
|Total            |        0|      0|     301|    351|    0|
+-----------------+---------+-------+--------+-------+-----+
|Available        |      280|    220|  106400|  53200|    0|
+-----------------+---------+-------+--------+-------+-----+
|Utilization (%)  |        0|      0|   ~0   |   ~0  |    0|
+-----------------+---------+-------+--------+-------+-----+

+ Detail: 
    * Instance: 
    +----------------------------+--------------------------+---------+-------+-----+-----+-----+
    |          Instance          |          Module          | BRAM_18K| DSP48E|  FF | LUT | URAM|
    +----------------------------+--------------------------+---------+-------+-----+-----+-----+
    |fibonacci_AXILiteS_s_axi_U  |fibonacci_AXILiteS_s_axi  |        0|      0|  106|  168|    0|
    +----------------------------+--------------------------+---------+-------+-----+-----+-----+
    |Total                       |                          |        0|      0|  106|  168|    0|
    +----------------------------+--------------------------+---------+-------+-----+-----+-----+

    * DSP48E: 
    N/A

    * Memory: 
    N/A

    * FIFO: 
    N/A

    * Expression: 
    +---------------------+----------+-------+---+----+------------+------------+
    |    Variable Name    | Operation| DSP48E| FF| LUT| Bitwidth P0| Bitwidth P1|
    +---------------------+----------+-------+---+----+------------+------------+
    |F2_fu_111_p2         |     +    |      0|  0|  39|          32|          32|
    |i_fu_117_p2          |     +    |      0|  0|  39|          32|           1|
    |icmp_ln14_fu_100_p2  |   icmp   |      0|  0|  18|          32|           1|
    |icmp_ln16_fu_106_p2  |   icmp   |      0|  0|  18|          32|          32|
    +---------------------+----------+-------+---+----+------------+------------+
    |Total                |          |      0|  0| 114|         128|          66|
    +---------------------+----------+-------+---+----+------------+------------+

    * Multiplexer: 
    +------------------------------------+----+-----------+-----+-----------+
    |                Name                | LUT| Input Size| Bits| Total Bits|
    +------------------------------------+----+-----------+-----+-----------+
    |F0_0_reg_53                         |   9|          2|   32|         64|
    |F0_reg_41                           |   9|          2|   32|         64|
    |F2_0_reg_65                         |   9|          2|   32|         64|
    |ap_NS_fsm                           |  15|          3|    1|          3|
    |ap_phi_mux_storemerge_phi_fu_91_p4  |   9|          2|   32|         64|
    |i_0_reg_76                          |   9|          2|   32|         64|
    |storemerge_reg_87                   |   9|          2|   32|         64|
    +------------------------------------+----+-----------+-----+-----------+
    |Total                               |  69|         15|  193|        387|
    +------------------------------------+----+-----------+-----+-----------+

    * Register: 
    +--------------------+----+----+-----+-----------+
    |        Name        | FF | LUT| Bits| Const Bits|
    +--------------------+----+----+-----+-----------+
    |F0_0_reg_53         |  32|   0|   32|          0|
    |F0_reg_41           |  32|   0|   32|          0|
    |F2_0_reg_65         |  32|   0|   32|          0|
    |ap_CS_fsm           |   2|   0|    2|          0|
    |entre_read_reg_123  |  32|   0|   32|          0|
    |i_0_reg_76          |  32|   0|   32|          0|
    |icmp_ln14_reg_128   |   1|   0|    1|          0|
    |storemerge_reg_87   |  32|   0|   32|          0|
    +--------------------+----+----+-----+-----------+
    |Total               | 195|   0|  195|          0|
    +--------------------+----+----+-----+-----------+



================================================================
== Interface
================================================================
* Summary: 
+------------------------+-----+-----+--------------+--------------+--------------+
|        RTL Ports       | Dir | Bits|   Protocol   | Source Object|    C Type    |
+------------------------+-----+-----+--------------+--------------+--------------+
|s_axi_AXILiteS_AWVALID  |  in |    1|     s_axi    |   AXILiteS   |    pointer   |
|s_axi_AXILiteS_AWREADY  | out |    1|     s_axi    |   AXILiteS   |    pointer   |
|s_axi_AXILiteS_AWADDR   |  in |    5|     s_axi    |   AXILiteS   |    pointer   |
|s_axi_AXILiteS_WVALID   |  in |    1|     s_axi    |   AXILiteS   |    pointer   |
|s_axi_AXILiteS_WREADY   | out |    1|     s_axi    |   AXILiteS   |    pointer   |
|s_axi_AXILiteS_WDATA    |  in |   32|     s_axi    |   AXILiteS   |    pointer   |
|s_axi_AXILiteS_WSTRB    |  in |    4|     s_axi    |   AXILiteS   |    pointer   |
|s_axi_AXILiteS_ARVALID  |  in |    1|     s_axi    |   AXILiteS   |    pointer   |
|s_axi_AXILiteS_ARREADY  | out |    1|     s_axi    |   AXILiteS   |    pointer   |
|s_axi_AXILiteS_ARADDR   |  in |    5|     s_axi    |   AXILiteS   |    pointer   |
|s_axi_AXILiteS_RVALID   | out |    1|     s_axi    |   AXILiteS   |    pointer   |
|s_axi_AXILiteS_RREADY   |  in |    1|     s_axi    |   AXILiteS   |    pointer   |
|s_axi_AXILiteS_RDATA    | out |   32|     s_axi    |   AXILiteS   |    pointer   |
|s_axi_AXILiteS_RRESP    | out |    2|     s_axi    |   AXILiteS   |    pointer   |
|s_axi_AXILiteS_BVALID   | out |    1|     s_axi    |   AXILiteS   |    pointer   |
|s_axi_AXILiteS_BREADY   |  in |    1|     s_axi    |   AXILiteS   |    pointer   |
|s_axi_AXILiteS_BRESP    | out |    2|     s_axi    |   AXILiteS   |    pointer   |
|ap_clk                  |  in |    1| ap_ctrl_none |   fibonacci  | return value |
|ap_rst_n                |  in |    1| ap_ctrl_none |   fibonacci  | return value |
+------------------------+-----+-----+--------------+--------------+--------------+

